<?xml version="1.0" encoding="UTF-8"?>
<!-- Generated by org.testng.reporters.JUnitReportReporter -->
<testsuite hostname="TINDTHGANAL0027" name="com.gaaana.AndroidAutomation.ChromeTest" tests="2" failures="0" timestamp="18 Oct 2016 19:27:13 GMT" time="7.081" errors="0">
  <testcase name="testRadio" time="4.738" classname="com.gaaana.AndroidAutomation.ChromeTest"/>
  <testcase name="testDiscover" time="2.343" classname="com.gaaana.AndroidAutomation.ChromeTest"/>
</testsuite> <!-- com.gaaana.AndroidAutomation.ChromeTest -->
