<?xml version="1.0" encoding="UTF-8"?>
<!-- Generated by org.testng.reporters.JUnitReportReporter -->
<testsuite hostname="TINDTHGANAL0027" name="com.gaaana.AndroidAutomation.Hash" tests="1" failures="0" timestamp="11 Nov 2016 08:10:56 GMT" time="0.316" errors="0">
  <testcase name="hashgen" time="0.316" classname="com.gaaana.AndroidAutomation.Hash"/>
</testsuite> <!-- com.gaaana.AndroidAutomation.Hash -->
