<?xml version="1.0" encoding="UTF-8"?>
<!-- Generated by org.testng.reporters.JUnitReportReporter -->
<testsuite hostname="TINDTHGANAL0027" name="com.gaaana.AndroidAutomation.AppTest" tests="1" failures="0" timestamp="17 Oct 2016 22:14:03 GMT" time="14.108" errors="0">
  <testcase name="openApp" time="14.108" classname="com.gaaana.AndroidAutomation.AppTest"/>
</testsuite> <!-- com.gaaana.AndroidAutomation.AppTest -->
